<?xml version="1.0" encoding="utf-8" standalone="no"?>
<!--This file represents the results of running a test suite-->
<test-results name="/Users/davidwaters/apiary/google-api-dotnet-client/Src/NUnitTests.nunit" total="4" errors="1" failures="0" not-run="0" inconclusive="0" ignored="0" skipped="0" invalid="0" date="2011-01-16" time="11:41:21">
  <environment nunit-version="2.5.7.10213" clr-version="2.0.50727.1433" os-version="Unix 10.4.0.0" platform="Unix" cwd="/Users/davidwaters/Downloads/Json40r1/Source/Tools/NUnit" machine-name="davidwaters-macbookpro.local" user="davidwaters" user-domain="davidwaters-macbookpro.local" />
  <culture-info current-culture="en-US" current-uiculture="en-US" />
  <test-suite type="Project" name="/Users/davidwaters/apiary/google-api-dotnet-client/Src/NUnitTests.nunit" executed="True" result="Failure" success="False" time="0.567" asserts="0">
    <results>
      <test-suite type="Assembly" name="/Users/davidwaters/apiary/google-api-dotnet-client/Src/GoogleApis.Tests/bin/Debug/Google.Apis.Tests.dll" executed="True" result="Failure" success="False" time="0.566" asserts="0">
        <results>
          <test-suite type="Namespace" name="Google" executed="True" result="Failure" success="False" time="0.566" asserts="0">
            <results>
              <test-suite type="Namespace" name="Apis" executed="True" result="Failure" success="False" time="0.565" asserts="0">
                <results>
                  <test-suite type="Namespace" name="Tests" executed="True" result="Failure" success="False" time="0.563" asserts="0">
                    <results>
                      <test-suite type="Namespace" name="Apis" executed="True" result="Failure" success="False" time="0.563" asserts="0">
                        <results>
                          <test-suite type="Namespace" name="Discovery" executed="True" result="Failure" success="False" time="0.562" asserts="0">
                            <results>
                              <test-suite type="Namespace" name="V0_3" executed="True" result="Failure" success="False" time="0.562" asserts="0">
                                <results>
                                  <test-suite type="TestFixture" name="ServiceTest" executed="True" result="Failure" success="False" time="0.562" asserts="0">
                                    <results>
                                      <test-case name="Google.Apis.Tests.Apis.Discovery.V0_3.ServiceTest.ConstuctorArugumentValidationTest" executed="True" result="Success" success="True" time="0.000" asserts="4" />
                                      <test-case name="Google.Apis.Tests.Apis.Discovery.V0_3.ServiceTest.RessourceTest" executed="True" result="Success" success="True" time="0.002" asserts="2" />
                                      <test-case name="Google.Apis.Tests.Apis.Discovery.V0_3.ServiceTest.SchemaTest" executed="True" result="Error" success="False" time="0.003" asserts="0">
                                        <failure>
                                          <message><![CDATA[System.InvalidOperationException : Inserted duplicate JsonSchema (with same Id). For Id Activitiylist]]></message>
                                          <stack-trace><![CDATA[at Google.Apis.Discovery.Schema.FutureJsonSchemaResolver.Add (Newtonsoft.Json.Schema.JsonSchema schema) [0x00000] in <filename unknown>:0
at Google.Apis.Discovery.Schema.SchemaImpl..ctor (System.String name, System.String jsonSchemaDefinition, Google.Apis.Discovery.Schema.FutureJsonSchemaResolver resolver) [0x00000] in <filename unknown>:0
at Google.Apis.Discovery.ServiceV0_3.get_Schemas () [0x00000] in <filename unknown>:0
at Google.Apis.Tests.Apis.Discovery.V0_3.ServiceTest.SchemaTest () [0x00000] in <filename unknown>:0
]]></stack-trace>
                                        </failure>
                                      </test-case>
                                      <test-case name="Google.Apis.Tests.Apis.Discovery.V0_3.ServiceTest.VersionTest" executed="True" result="Success" success="True" time="0.002" asserts="1" />
                                    </results>
                                  </test-suite>
                                </results>
                              </test-suite>
                            </results>
                          </test-suite>
                        </results>
                      </test-suite>
                    </results>
                  </test-suite>
                </results>
              </test-suite>
            </results>
          </test-suite>
        </results>
      </test-suite>
    </results>
  </test-suite>
</test-results>